0 info it worked if it ends with ok
1 verbose cli [ '/home/ken47/bin/node', '/home/ken47/bin/npm', 'install' ]
2 info using npm@1.4.28
3 info using node@v0.10.33
4 verbose node symlink /home/ken47/bin/node
5 verbose readDependencies using package.json deps
6 verbose install where, deps [ '/home/ken47/dev/songtron-web-client',
6 verbose install   [ 'express',
6 verbose install     'lodash',
6 verbose install     'backbone',
6 verbose install     'jquery',
6 verbose install     'react',
6 verbose install     'pubsub-js',
6 verbose install     'beefy',
6 verbose install     'browserify',
6 verbose install     'del',
6 verbose install     'gulp',
6 verbose install     'gulp-less-sourcemap',
6 verbose install     'gulp-react',
6 verbose install     'reactify',
6 verbose install     'vinyl-source-stream' ] ]
7 info preinstall songtron-web-client@0.0.0
8 verbose readDependencies using package.json deps
9 verbose already installed skipping express@* /home/ken47/dev/songtron-web-client
10 verbose already installed skipping lodash@* /home/ken47/dev/songtron-web-client
11 verbose already installed skipping backbone@* /home/ken47/dev/songtron-web-client
12 verbose already installed skipping jquery@* /home/ken47/dev/songtron-web-client
13 verbose already installed skipping react@* /home/ken47/dev/songtron-web-client
14 verbose already installed skipping pubsub-js@* /home/ken47/dev/songtron-web-client
15 verbose already installed skipping beefy@^2.1.1 /home/ken47/dev/songtron-web-client
16 verbose already installed skipping browserify@^7.0.0 /home/ken47/dev/songtron-web-client
17 verbose already installed skipping del@* /home/ken47/dev/songtron-web-client
18 verbose already installed skipping gulp@* /home/ken47/dev/songtron-web-client
19 verbose cache add [ 'gulp-less-sourcemap@^2.0.1', null ]
20 verbose cache add name=undefined spec="gulp-less-sourcemap@^2.0.1" args=["gulp-less-sourcemap@^2.0.1",null]
21 verbose parsed url { protocol: null,
21 verbose parsed url   slashes: null,
21 verbose parsed url   auth: null,
21 verbose parsed url   host: null,
21 verbose parsed url   port: null,
21 verbose parsed url   hostname: null,
21 verbose parsed url   hash: null,
21 verbose parsed url   search: null,
21 verbose parsed url   query: null,
21 verbose parsed url   pathname: 'gulp-less-sourcemap@^2.0.1',
21 verbose parsed url   path: 'gulp-less-sourcemap@^2.0.1',
21 verbose parsed url   href: 'gulp-less-sourcemap@^2.0.1' }
22 verbose already installed skipping gulp-react@* /home/ken47/dev/songtron-web-client
23 verbose cache add name="gulp-less-sourcemap" spec="^2.0.1" args=["gulp-less-sourcemap","^2.0.1"]
24 verbose parsed url { protocol: null,
24 verbose parsed url   slashes: null,
24 verbose parsed url   auth: null,
24 verbose parsed url   host: null,
24 verbose parsed url   port: null,
24 verbose parsed url   hostname: null,
24 verbose parsed url   hash: null,
24 verbose parsed url   search: null,
24 verbose parsed url   query: null,
24 verbose parsed url   pathname: '^2.0.1',
24 verbose parsed url   path: '^2.0.1',
24 verbose parsed url   href: '^2.0.1' }
25 verbose addNamed [ 'gulp-less-sourcemap', '^2.0.1' ]
26 verbose addNamed [ null, '>=2.0.1-0 <3.0.0-0' ]
27 verbose already installed skipping reactify@* /home/ken47/dev/songtron-web-client
28 silly lockFile a0f08e5e-gulp-less-sourcemap-2-0-1 gulp-less-sourcemap@^2.0.1
29 verbose lock gulp-less-sourcemap@^2.0.1 /home/ken47/.npm/a0f08e5e-gulp-less-sourcemap-2-0-1.lock
30 verbose already installed skipping vinyl-source-stream@* /home/ken47/dev/songtron-web-client
31 silly addNameRange { name: 'gulp-less-sourcemap',
31 silly addNameRange   range: '>=2.0.1-0 <3.0.0-0',
31 silly addNameRange   hasData: false }
32 verbose request where is /gulp-less-sourcemap
33 verbose request registry https://registry.npmjs.org/
34 verbose request id 3fba0f6834f000ad
35 verbose url raw /gulp-less-sourcemap
36 verbose url resolving [ 'https://registry.npmjs.org/', './gulp-less-sourcemap' ]
37 verbose url resolved https://registry.npmjs.org/gulp-less-sourcemap
38 verbose request where is https://registry.npmjs.org/gulp-less-sourcemap
39 info trying registry request attempt 1 at 04:10:29
40 http GET https://registry.npmjs.org/gulp-less-sourcemap
41 http 200 https://registry.npmjs.org/gulp-less-sourcemap
42 silly registry.get cb [ 200,
42 silly registry.get   { date: 'Tue, 09 Dec 2014 12:10:29 GMT',
42 silly registry.get     server: 'CouchDB/1.5.0 (Erlang OTP/R16B03)',
42 silly registry.get     etag: '"D54CUIVRE2SH3RVM04ZL9VLK1"',
42 silly registry.get     'content-type': 'application/json',
42 silly registry.get     'cache-control': 'max-age=60',
42 silly registry.get     'content-length': '9734',
42 silly registry.get     'accept-ranges': 'bytes',
42 silly registry.get     via: '1.1 varnish',
42 silly registry.get     age: '0',
42 silly registry.get     'x-served-by': 'cache-lax1426-LAX',
42 silly registry.get     'x-cache': 'MISS',
42 silly registry.get     'x-cache-hits': '0',
42 silly registry.get     'x-timer': 'S1418127029.445864,VS0,VE72',
42 silly registry.get     vary: 'Accept',
42 silly registry.get     'keep-alive': 'timeout=10, max=50',
42 silly registry.get     connection: 'Keep-Alive' } ]
43 silly addNameRange number 2 { name: 'gulp-less-sourcemap',
43 silly addNameRange   range: '>=2.0.1-0 <3.0.0-0',
43 silly addNameRange   hasData: true }
44 silly addNameRange versions [ 'gulp-less-sourcemap',
44 silly addNameRange   [ '1.3.0', '1.3.1', '1.3.2', '1.3.3' ] ]
45 silly lockFile a0f08e5e-gulp-less-sourcemap-2-0-1 gulp-less-sourcemap@^2.0.1
46 silly lockFile a0f08e5e-gulp-less-sourcemap-2-0-1 gulp-less-sourcemap@^2.0.1
47 error notarget No compatible version found: gulp-less-sourcemap@'>=2.0.1-0 <3.0.0-0'
47 error notarget Valid install targets:
47 error notarget ["1.3.0","1.3.1","1.3.2","1.3.3"]
47 error notarget
47 error notarget This is most likely not a problem with npm itself.
47 error notarget In most cases you or one of your dependencies are requesting
47 error notarget a package version that doesn't exist.
48 error System Linux 3.8.0-44-generic
49 error command "/home/ken47/bin/node" "/home/ken47/bin/npm" "install"
50 error cwd /home/ken47/dev/songtron-web-client
51 error node -v v0.10.33
52 error npm -v 1.4.28
53 error code ETARGET
54 verbose exit [ 1, true ]
